[dotenv@17.3.1] injecting env (1) from admin/.env -- tip: 🔐 prevent building .env in docker: https://dotenvx.com/prebuild
🦷 RapidDent Data Pipeline

Mode: LIVE
Images: ENABLED (Pollinations.ai)

📂 Reading TSV files...
  Found 116 scenarios
  Found 491 questions

🏥 Processing scenarios...
  📸 Generating image for CASE_01...
  ✅ Image uploaded for CASE_01: https://storage.googleapis.com/dentalquiz-46362.firebasestorage.app/scenario_images/CASE_01.png
  📸 Generating image for CASE_02...
  ✅ Image uploaded for CASE_02: https://storage.googleapis.com/dentalquiz-46362.firebasestorage.app/scenario_images/CASE_02.png
  📸 Generating image for CASE_03...
  ✅ Image uploaded for CASE_03: https://storage.googleapis.com/dentalquiz-46362.firebasestorage.app/scenario_images/CASE_03.png
  📸 Generating image for CASE_04...
  ✅ Image uploaded for CASE_04: https://storage.googleapis.com/dentalquiz-46362.firebasestorage.app/scenario_images/CASE_04.png
  📸 Generating image for CASE_05...
  ✅ Image uploaded for CASE_05: https://storage.googleapis.com/dentalquiz-46362.firebasestorage.app/scenario_images/CASE_05.png
  📸 Generating image for CASE_06...
  ✅ Image uploaded for CASE_06: https://storage.googleapis.com/dentalquiz-46362.firebasestorage.app/scenario_images/CASE_06.png
  📸 Generating image for CASE_07...
  ✅ Image uploaded for CASE_07: https://storage.googleapis.com/dentalquiz-46362.firebasestorage.app/scenario_images/CASE_07.png
  📸 Generating image for CASE_08...
  ✅ Image uploaded for CASE_08: https://storage.googleapis.com/dentalquiz-46362.firebasestorage.app/scenario_images/CASE_08.png
  📸 Generating image for CASE_09...
  ✅ Image uploaded for CASE_09: https://storage.googleapis.com/dentalquiz-46362.firebasestorage.app/scenario_images/CASE_09.png
  📸 Generating image for CASE_10...
  ✅ Image uploaded for CASE_10: https://storage.googleapis.com/dentalquiz-46362.firebasestorage.app/scenario_images/CASE_10.png
  📸 Generating image for CASE_11...
  ✅ Image uploaded for CASE_11: https://storage.googleapis.com/dentalquiz-46362.firebasestorage.app/scenario_images/CASE_11.png
  📸 Generating image for CASE_12...
  ✅ Image uploaded for CASE_12: https://storage.googleapis.com/dentalquiz-46362.firebasestorage.app/scenario_images/CASE_12.png
  📸 Generating image for CASE_13...
  ✅ Image uploaded for CASE_13: https://storage.googleapis.com/dentalquiz-46362.firebasestorage.app/scenario_images/CASE_13.png
  📸 Generating image for CASE_14...
  ✅ Image uploaded for CASE_14: https://storage.googleapis.com/dentalquiz-46362.firebasestorage.app/scenario_images/CASE_14.png
  📸 Generating image for CASE_15...
  ✅ Image uploaded for CASE_15: https://storage.googleapis.com/dentalquiz-46362.firebasestorage.app/scenario_images/CASE_15.png
  📸 Generating image for CASE_16...
  ✅ Image uploaded for CASE_16: https://storage.googleapis.com/dentalquiz-46362.firebasestorage.app/scenario_images/CASE_16.png
  📸 Generating image for CASE_17...
  ✅ Image uploaded for CASE_17: https://storage.googleapis.com/dentalquiz-46362.firebasestorage.app/scenario_images/CASE_17.png
  📸 Generating image for CASE_18...
  ✅ Image uploaded for CASE_18: https://storage.googleapis.com/dentalquiz-46362.firebasestorage.app/scenario_images/CASE_18.png
  📸 Generating image for CASE_19...
  ⚠️  No image returned for CASE_19, skipping.
  📸 Generating image for CASE_20...
  ✅ Image uploaded for CASE_20: https://storage.googleapis.com/dentalquiz-46362.firebasestorage.app/scenario_images/CASE_20.png
  📸 Generating image for CASE_21...
  ✅ Image uploaded for CASE_21: https://storage.googleapis.com/dentalquiz-46362.firebasestorage.app/scenario_images/CASE_21.png
  📸 Generating image for CASE_22...
  ✅ Image uploaded for CASE_22: https://storage.googleapis.com/dentalquiz-46362.firebasestorage.app/scenario_images/CASE_22.png
  📸 Generating image for CASE_23...
  ✅ Image uploaded for CASE_23: https://storage.googleapis.com/dentalquiz-46362.firebasestorage.app/scenario_images/CASE_23.png
  📸 Generating image for CASE_24...
  ✅ Image uploaded for CASE_24: https://storage.googleapis.com/dentalquiz-46362.firebasestorage.app/scenario_images/CASE_24.png
  📸 Generating image for CASE_25...
  ✅ Image uploaded for CASE_25: https://storage.googleapis.com/dentalquiz-46362.firebasestorage.app/scenario_images/CASE_25.png
  📸 Generating image for CASE_26...
  ✅ Image uploaded for CASE_26: https://storage.googleapis.com/dentalquiz-46362.firebasestorage.app/scenario_images/CASE_26.png
  📸 Generating image for CASE_27...
  ✅ Image uploaded for CASE_27: https://storage.googleapis.com/dentalquiz-46362.firebasestorage.app/scenario_images/CASE_27.png
  📸 Generating image for CASE_28...
  ⚠️  No image returned for CASE_28, skipping.
  📸 Generating image for CASE_29...
  ✅ Image uploaded for CASE_29: https://storage.googleapis.com/dentalquiz-46362.firebasestorage.app/scenario_images/CASE_29.png
  📸 Generating image for CASE_30...
  ✅ Image uploaded for CASE_30: https://storage.googleapis.com/dentalquiz-46362.firebasestorage.app/scenario_images/CASE_30.png
  📸 Generating image for CASE_31...
  ✅ Image uploaded for CASE_31: https://storage.googleapis.com/dentalquiz-46362.firebasestorage.app/scenario_images/CASE_31.png
  📸 Generating image for CASE_32...
  ⚠️  No image returned for CASE_32, skipping.
  📸 Generating image for CASE_33...
  ✅ Image uploaded for CASE_33: https://storage.googleapis.com/dentalquiz-46362.firebasestorage.app/scenario_images/CASE_33.png
  📸 Generating image for CASE_34...
  ✅ Image uploaded for CASE_34: https://storage.googleapis.com/dentalquiz-46362.firebasestorage.app/scenario_images/CASE_34.png
  📸 Generating image for CASE_35...
  ✅ Image uploaded for CASE_35: https://storage.googleapis.com/dentalquiz-46362.firebasestorage.app/scenario_images/CASE_35.png
  📸 Generating image for CASE_36...
  ✅ Image uploaded for CASE_36: https://storage.googleapis.com/dentalquiz-46362.firebasestorage.app/scenario_images/CASE_36.png
  📸 Generating image for CASE_37...
  ✅ Image uploaded for CASE_37: https://storage.googleapis.com/dentalquiz-46362.firebasestorage.app/scenario_images/CASE_37.png
  📸 Generating image for CASE_38...
  ✅ Image uploaded for CASE_38: https://storage.googleapis.com/dentalquiz-46362.firebasestorage.app/scenario_images/CASE_38.png
  📸 Generating image for CASE_39...
  ✅ Image uploaded for CASE_39: https://storage.googleapis.com/dentalquiz-46362.firebasestorage.app/scenario_images/CASE_39.png
  📸 Generating image for CASE_40...
  ✅ Image uploaded for CASE_40: https://storage.googleapis.com/dentalquiz-46362.firebasestorage.app/scenario_images/CASE_40.png
  📸 Generating image for CASE_41...
  ✅ Image uploaded for CASE_41: https://storage.googleapis.com/dentalquiz-46362.firebasestorage.app/scenario_images/CASE_41.png
  📸 Generating image for CASE_42...
  ✅ Image uploaded for CASE_42: https://storage.googleapis.com/dentalquiz-46362.firebasestorage.app/scenario_images/CASE_42.png
  📸 Generating image for CASE_43...
  ✅ Image uploaded for CASE_43: https://storage.googleapis.com/dentalquiz-46362.firebasestorage.app/scenario_images/CASE_43.png
  📸 Generating image for CASE_44...
  ✅ Image uploaded for CASE_44: https://storage.googleapis.com/dentalquiz-46362.firebasestorage.app/scenario_images/CASE_44.png
  📸 Generating image for CASE_45...
  ✅ Image uploaded for CASE_45: https://storage.googleapis.com/dentalquiz-46362.firebasestorage.app/scenario_images/CASE_45.png
  📸 Generating image for CASE_46...
  ✅ Image uploaded for CASE_46: https://storage.googleapis.com/dentalquiz-46362.firebasestorage.app/scenario_images/CASE_46.png
  📸 Generating image for CASE_47...
  ✅ Image uploaded for CASE_47: https://storage.googleapis.com/dentalquiz-46362.firebasestorage.app/scenario_images/CASE_47.png
  📸 Generating image for CASE_48...
  ✅ Image uploaded for CASE_48: https://storage.googleapis.com/dentalquiz-46362.firebasestorage.app/scenario_images/CASE_48.png
  📸 Generating image for CASE_49...
  ✅ Image uploaded for CASE_49: https://storage.googleapis.com/dentalquiz-46362.firebasestorage.app/scenario_images/CASE_49.png
  📸 Generating image for CASE_50...
  ✅ Image uploaded for CASE_50: https://storage.googleapis.com/dentalquiz-46362.firebasestorage.app/scenario_images/CASE_50.png
  📸 Generating image for CASE_51...
  ✅ Image uploaded for CASE_51: https://storage.googleapis.com/dentalquiz-46362.firebasestorage.app/scenario_images/CASE_51.png
  📸 Generating image for CASE_52...
  ✅ Image uploaded for CASE_52: https://storage.googleapis.com/dentalquiz-46362.firebasestorage.app/scenario_images/CASE_52.png
  📸 Generating image for CASE_53...
  ✅ Image uploaded for CASE_53: https://storage.googleapis.com/dentalquiz-46362.firebasestorage.app/scenario_images/CASE_53.png
  📸 Generating image for CASE_54...
  ✅ Image uploaded for CASE_54: https://storage.googleapis.com/dentalquiz-46362.firebasestorage.app/scenario_images/CASE_54.png
  📸 Generating image for CASE_55...
  ✅ Image uploaded for CASE_55: https://storage.googleapis.com/dentalquiz-46362.firebasestorage.app/scenario_images/CASE_55.png
  📸 Generating image for CASE_56...
  ✅ Image uploaded for CASE_56: https://storage.googleapis.com/dentalquiz-46362.firebasestorage.app/scenario_images/CASE_56.png
  📸 Generating image for CASE_57...
  ✅ Image uploaded for CASE_57: https://storage.googleapis.com/dentalquiz-46362.firebasestorage.app/scenario_images/CASE_57.png
  📸 Generating image for CASE_58...
  ✅ Image uploaded for CASE_58: https://storage.googleapis.com/dentalquiz-46362.firebasestorage.app/scenario_images/CASE_58.png
  📸 Generating image for CASE_59...
  ✅ Image uploaded for CASE_59: https://storage.googleapis.com/dentalquiz-46362.firebasestorage.app/scenario_images/CASE_59.png
  📸 Generating image for CASE_60...
  ✅ Image uploaded for CASE_60: https://storage.googleapis.com/dentalquiz-46362.firebasestorage.app/scenario_images/CASE_60.png
  📸 Generating image for CASE_61...
  ✅ Image uploaded for CASE_61: https://storage.googleapis.com/dentalquiz-46362.firebasestorage.app/scenario_images/CASE_61.png
  📸 Generating image for CASE_62...
  ✅ Image uploaded for CASE_62: https://storage.googleapis.com/dentalquiz-46362.firebasestorage.app/scenario_images/CASE_62.png
  📸 Generating image for CASE_63...
  ✅ Image uploaded for CASE_63: https://storage.googleapis.com/dentalquiz-46362.firebasestorage.app/scenario_images/CASE_63.png
  📸 Generating image for CASE_64...
  ✅ Image uploaded for CASE_64: https://storage.googleapis.com/dentalquiz-46362.firebasestorage.app/scenario_images/CASE_64.png
  📸 Generating image for CASE_65...
  ✅ Image uploaded for CASE_65: https://storage.googleapis.com/dentalquiz-46362.firebasestorage.app/scenario_images/CASE_65.png
  📸 Generating image for CASE_66...
  ✅ Image uploaded for CASE_66: https://storage.googleapis.com/dentalquiz-46362.firebasestorage.app/scenario_images/CASE_66.png
  📸 Generating image for CASE_67...
  ✅ Image uploaded for CASE_67: https://storage.googleapis.com/dentalquiz-46362.firebasestorage.app/scenario_images/CASE_67.png
  📸 Generating image for CASE_68...
  ✅ Image uploaded for CASE_68: https://storage.googleapis.com/dentalquiz-46362.firebasestorage.app/scenario_images/CASE_68.png
  📸 Generating image for CASE_69...
  ✅ Image uploaded for CASE_69: https://storage.googleapis.com/dentalquiz-46362.firebasestorage.app/scenario_images/CASE_69.png
  📸 Generating image for CASE_70...
  ✅ Image uploaded for CASE_70: https://storage.googleapis.com/dentalquiz-46362.firebasestorage.app/scenario_images/CASE_70.png
  📸 Generating image for CASE_71...
  ✅ Image uploaded for CASE_71: https://storage.googleapis.com/dentalquiz-46362.firebasestorage.app/scenario_images/CASE_71.png
  📸 Generating image for CASE_72...
  ✅ Image uploaded for CASE_72: https://storage.googleapis.com/dentalquiz-46362.firebasestorage.app/scenario_images/CASE_72.png
  📸 Generating image for CASE_73...
  ⚠️  No image returned for CASE_73, skipping.
  📸 Generating image for CASE_74...
  ✅ Image uploaded for CASE_74: https://storage.googleapis.com/dentalquiz-46362.firebasestorage.app/scenario_images/CASE_74.png
  📸 Generating image for CASE_75...
  ✅ Image uploaded for CASE_75: https://storage.googleapis.com/dentalquiz-46362.firebasestorage.app/scenario_images/CASE_75.png
  📸 Generating image for CASE_76...
  ✅ Image uploaded for CASE_76: https://storage.googleapis.com/dentalquiz-46362.firebasestorage.app/scenario_images/CASE_76.png
  📸 Generating image for CASE_77...
  ✅ Image uploaded for CASE_77: https://storage.googleapis.com/dentalquiz-46362.firebasestorage.app/scenario_images/CASE_77.png
  📸 Generating image for CASE_78...
  ✅ Image uploaded for CASE_78: https://storage.googleapis.com/dentalquiz-46362.firebasestorage.app/scenario_images/CASE_78.png
  📸 Generating image for CASE_79...
  ✅ Image uploaded for CASE_79: https://storage.googleapis.com/dentalquiz-46362.firebasestorage.app/scenario_images/CASE_79.png
  📸 Generating image for CASE_80...
  ✅ Image uploaded for CASE_80: https://storage.googleapis.com/dentalquiz-46362.firebasestorage.app/scenario_images/CASE_80.png
  📸 Generating image for CASE_81...
  ✅ Image uploaded for CASE_81: https://storage.googleapis.com/dentalquiz-46362.firebasestorage.app/scenario_images/CASE_81.png
  📸 Generating image for CASE_82...
  ✅ Image uploaded for CASE_82: https://storage.googleapis.com/dentalquiz-46362.firebasestorage.app/scenario_images/CASE_82.png
  📸 Generating image for CASE_83...
  ✅ Image uploaded for CASE_83: https://storage.googleapis.com/dentalquiz-46362.firebasestorage.app/scenario_images/CASE_83.png
  📸 Generating image for CASE_84...
  ✅ Image uploaded for CASE_84: https://storage.googleapis.com/dentalquiz-46362.firebasestorage.app/scenario_images/CASE_84.png
  📸 Generating image for CASE_85...
  ✅ Image uploaded for CASE_85: https://storage.googleapis.com/dentalquiz-46362.firebasestorage.app/scenario_images/CASE_85.png
  📸 Generating image for CASE_86...
  ✅ Image uploaded for CASE_86: https://storage.googleapis.com/dentalquiz-46362.firebasestorage.app/scenario_images/CASE_86.png
  📸 Generating image for CASE_87...
  ✅ Image uploaded for CASE_87: https://storage.googleapis.com/dentalquiz-46362.firebasestorage.app/scenario_images/CASE_87.png
  📸 Generating image for CASE_88...
  ✅ Image uploaded for CASE_88: https://storage.googleapis.com/dentalquiz-46362.firebasestorage.app/scenario_images/CASE_88.png
  📸 Generating image for CASE_89...
  ✅ Image uploaded for CASE_89: https://storage.googleapis.com/dentalquiz-46362.firebasestorage.app/scenario_images/CASE_89.png
  📸 Generating image for CASE_90...
  ✅ Image uploaded for CASE_90: https://storage.googleapis.com/dentalquiz-46362.firebasestorage.app/scenario_images/CASE_90.png
  📸 Generating image for CASE_91...
  ✅ Image uploaded for CASE_91: https://storage.googleapis.com/dentalquiz-46362.firebasestorage.app/scenario_images/CASE_91.png
  📸 Generating image for CASE_92...
  ✅ Image uploaded for CASE_92: https://storage.googleapis.com/dentalquiz-46362.firebasestorage.app/scenario_images/CASE_92.png
  📸 Generating image for CASE_93...
  ✅ Image uploaded for CASE_93: https://storage.googleapis.com/dentalquiz-46362.firebasestorage.app/scenario_images/CASE_93.png
  📸 Generating image for CASE_94...
  ✅ Image uploaded for CASE_94: https://storage.googleapis.com/dentalquiz-46362.firebasestorage.app/scenario_images/CASE_94.png
  📸 Generating image for CASE_95...
  ✅ Image uploaded for CASE_95: https://storage.googleapis.com/dentalquiz-46362.firebasestorage.app/scenario_images/CASE_95.png
  📸 Generating image for CASE_96...
  ✅ Image uploaded for CASE_96: https://storage.googleapis.com/dentalquiz-46362.firebasestorage.app/scenario_images/CASE_96.png
  📸 Generating image for CASE_97...
  ✅ Image uploaded for CASE_97: https://storage.googleapis.com/dentalquiz-46362.firebasestorage.app/scenario_images/CASE_97.png
  📸 Generating image for CASE_98...
  ✅ Image uploaded for CASE_98: https://storage.googleapis.com/dentalquiz-46362.firebasestorage.app/scenario_images/CASE_98.png
  📸 Generating image for CASE_99...
  ✅ Image uploaded for CASE_99: https://storage.googleapis.com/dentalquiz-46362.firebasestorage.app/scenario_images/CASE_99.png
  📸 Generating image for CASE_100...
  ✅ Image uploaded for CASE_100: https://storage.googleapis.com/dentalquiz-46362.firebasestorage.app/scenario_images/CASE_100.png
  📸 Generating image for CASE_101...
  ✅ Image uploaded for CASE_101: https://storage.googleapis.com/dentalquiz-46362.firebasestorage.app/scenario_images/CASE_101.png
  📸 Generating image for CASE_102...
  ✅ Image uploaded for CASE_102: https://storage.googleapis.com/dentalquiz-46362.firebasestorage.app/scenario_images/CASE_102.png
  📸 Generating image for CASE_103...
  ✅ Image uploaded for CASE_103: https://storage.googleapis.com/dentalquiz-46362.firebasestorage.app/scenario_images/CASE_103.png
  📸 Generating image for CASE_104...
  ✅ Image uploaded for CASE_104: https://storage.googleapis.com/dentalquiz-46362.firebasestorage.app/scenario_images/CASE_104.png
  📸 Generating image for CASE_105...
  ✅ Image uploaded for CASE_105: https://storage.googleapis.com/dentalquiz-46362.firebasestorage.app/scenario_images/CASE_105.png
  📸 Generating image for CASE_106...
  ✅ Image uploaded for CASE_106: https://storage.googleapis.com/dentalquiz-46362.firebasestorage.app/scenario_images/CASE_106.png
  📸 Generating image for CASE_107...
  ✅ Image uploaded for CASE_107: https://storage.googleapis.com/dentalquiz-46362.firebasestorage.app/scenario_images/CASE_107.png
  📸 Generating image for CASE_108...
  ⚠️  No image returned for CASE_108, skipping.
  📸 Generating image for CASE_109...
  ✅ Image uploaded for CASE_109: https://storage.googleapis.com/dentalquiz-46362.firebasestorage.app/scenario_images/CASE_109.png
  📸 Generating image for CASE_110...
  ✅ Image uploaded for CASE_110: https://storage.googleapis.com/dentalquiz-46362.firebasestorage.app/scenario_images/CASE_110.png
  📸 Generating image for CASE_111...
  ✅ Image uploaded for CASE_111: https://storage.googleapis.com/dentalquiz-46362.firebasestorage.app/scenario_images/CASE_111.png
  📸 Generating image for CASE_112...
  ✅ Image uploaded for CASE_112: https://storage.googleapis.com/dentalquiz-46362.firebasestorage.app/scenario_images/CASE_112.png
  📸 Generating image for CASE_113...
  ✅ Image uploaded for CASE_113: https://storage.googleapis.com/dentalquiz-46362.firebasestorage.app/scenario_images/CASE_113.png
  📸 Generating image for CASE_114...
  ✅ Image uploaded for CASE_114: https://storage.googleapis.com/dentalquiz-46362.firebasestorage.app/scenario_images/CASE_114.png
  📸 Generating image for CASE_115...
  ✅ Image uploaded for CASE_115: https://storage.googleapis.com/dentalquiz-46362.firebasestorage.app/scenario_images/CASE_115.png
  📸 Generating image for CASE_116...
  ✅ Image uploaded for CASE_116: https://storage.googleapis.com/dentalquiz-46362.firebasestorage.app/scenario_images/CASE_116.png

❓ Processing questions...

📊 Summary:
  Scenarios ready: 116
  Questions ready: 491

🔥 Writing to Firestore...

💾 Committing batch of 450 documents...
✅ Batch committed.

💾 Committing batch of 157 documents...
✅ Batch committed.

🎉 Done! 607 documents written to Firestore.
   Scenarios collection: 116 docs
   Questions collection: 491 docs
